2023-12-09T13:18:55.561+03:00  INFO 12984 --- [restartedMain] c.h.f.FullStackDeveloper12Application    : Starting FullStackDeveloper12Application using Java 21 with PID 12984 (D:\spring\FullStackDeveloper12\target\classes started by 90553 in D:\spring\FullStackDeveloper12)
2023-12-09T13:18:55.568+03:00  INFO 12984 --- [restartedMain] c.h.f.FullStackDeveloper12Application    : The following 1 profile is active: "frontend"
2023-12-09T13:18:55.622+03:00  INFO 12984 --- [restartedMain] .e.DevToolsPropertyDefaultsPostProcessor : Devtools property defaults active! Set 'spring.devtools.add-properties' to 'false' to disable
2023-12-09T13:18:55.623+03:00  INFO 12984 --- [restartedMain] .e.DevToolsPropertyDefaultsPostProcessor : For additional web related logging consider setting the 'logging.level.web' property to 'DEBUG'
2023-12-09T13:18:56.979+03:00  INFO 12984 --- [restartedMain] .s.d.r.c.RepositoryConfigurationDelegate : Bootstrapping Spring Data JPA repositories in DEFAULT mode.
2023-12-09T13:18:57.049+03:00  INFO 12984 --- [restartedMain] .s.d.r.c.RepositoryConfigurationDelegate : Finished Spring Data repository scanning in 63 ms. Found 3 JPA repository interfaces.
2023-12-09T13:18:57.722+03:00  INFO 12984 --- [restartedMain] o.s.b.w.embedded.tomcat.TomcatWebServer  : Tomcat initialized with port(s): 4444 (http)
2023-12-09T13:18:57.732+03:00  INFO 12984 --- [restartedMain] o.apache.catalina.core.StandardService   : Starting service [Tomcat]
2023-12-09T13:18:57.732+03:00  INFO 12984 --- [restartedMain] o.apache.catalina.core.StandardEngine    : Starting Servlet engine: [Apache Tomcat/10.1.15]
2023-12-09T13:18:57.789+03:00  INFO 12984 --- [restartedMain] o.a.c.c.C.[Tomcat].[localhost].[/]       : Initializing Spring embedded WebApplicationContext
2023-12-09T13:18:57.789+03:00  INFO 12984 --- [restartedMain] w.s.c.ServletWebServerApplicationContext : Root WebApplicationContext: initialization completed in 2165 ms
2023-12-09T13:18:57.897+03:00  INFO 12984 --- [restartedMain] com.zaxxer.hikari.HikariDataSource       : HikariPool-1 - Starting...
2023-12-09T13:18:58.185+03:00  INFO 12984 --- [restartedMain] com.zaxxer.hikari.pool.HikariPool        : HikariPool-1 - Added connection com.mysql.cj.jdbc.ConnectionImpl@5a1aa849
2023-12-09T13:18:58.189+03:00  INFO 12984 --- [restartedMain] com.zaxxer.hikari.HikariDataSource       : HikariPool-1 - Start completed.
2023-12-09T13:18:58.198+03:00  INFO 12984 --- [restartedMain] o.s.b.a.h2.H2ConsoleAutoConfiguration    : H2 console available at '/h2-console'. Database available at 'jdbc:mysql://localhost:3306/blog?createDatabaseIfNotExist=true&autoReconnect=true&allowPublicKeyRetrieval=true&useSSL=false'
2023-12-09T13:18:58.275+03:00 DEBUG 12984 --- [restartedMain] o.s.w.f.ServerHttpObservationFilter      : Filter 'webMvcObservationFilter' configured for use
2023-12-09T13:18:58.275+03:00 DEBUG 12984 --- [restartedMain] o.s.w.s.r.ResourceUrlEncodingFilter      : Filter 'resourceUrlEncodingFilter' configured for use
2023-12-09T13:18:58.756+03:00  INFO 12984 --- [restartedMain] o.s.o.j.p.SpringPersistenceUnitInfo      : No LoadTimeWeaver setup: ignoring JPA class transformer
2023-12-09T13:19:00.155+03:00  INFO 12984 --- [restartedMain] j.LocalContainerEntityManagerFactoryBean : Initialized JPA EntityManagerFactory for persistence unit 'default'
2023-12-09T13:19:00.166+03:00  INFO 12984 --- [restartedMain] c.h.f.audit.AuditorAwareBeanClass        : auditor Aware bean Before başladı
2023-12-09T13:19:00.169+03:00  INFO 12984 --- [restartedMain] c.h.f.bean.Locale18NBeanClass            : swagger Open Api Before Bean başladı
2023-12-09T13:19:00.170+03:00  INFO 12984 --- [restartedMain] c.h.f.bean.ModelMapperBeanClass          : Model mapper bean Before başladı
2023-12-09T13:19:00.171+03:00  INFO 12984 --- [restartedMain] c.h.f.bean.PasswordEncoderBeanClass      : password Encoder Before Bean başladı
2023-12-09T13:19:00.172+03:00  INFO 12984 --- [restartedMain] c.h.f.bean.SwaggerOpenApiBeanClass       : swagger Open Api Before Bean başladı
2023-12-09T13:19:00.572+03:00  INFO 12984 --- [restartedMain] o.s.d.j.r.query.QueryEnhancerFactory     : Hibernate is in classpath; If applicable, HQL parser will be used.
2023-12-09T13:19:01.028+03:00  INFO 12984 --- [restartedMain] c.h.f.runner.BlogCommandLineRunner       : blog CommandLineRunner After Bean Method başladı
2023-12-09T13:19:01.196+03:00  WARN 12984 --- [restartedMain] JpaBaseConfiguration$JpaWebConfiguration : spring.jpa.open-in-view is enabled by default. Therefore, database queries may be performed during view rendering. Explicitly configure spring.jpa.open-in-view to disable this warning
2023-12-09T13:19:01.329+03:00 DEBUG 12984 --- [restartedMain] s.w.s.m.m.a.RequestMappingHandlerAdapter : ControllerAdvice beans: 0 @ModelAttribute, 0 @InitBinder, 1 RequestBodyAdvice, 1 ResponseBodyAdvice
2023-12-09T13:19:01.369+03:00  INFO 12984 --- [restartedMain] o.s.b.a.w.s.WelcomePageHandlerMapping    : Adding welcome page template: index
2023-12-09T13:19:01.441+03:00 DEBUG 12984 --- [restartedMain] s.w.s.m.m.a.RequestMappingHandlerMapping : 20 mappings in 'requestMappingHandlerMapping'
2023-12-09T13:19:01.909+03:00 DEBUG 12984 --- [restartedMain] o.s.w.s.handler.SimpleUrlHandlerMapping  : Patterns [/webjars/**, /**, /swagger-ui*/*swagger-initializer.js, /swagger-ui*/**] in 'resourceHandlerMapping'
2023-12-09T13:19:01.923+03:00 DEBUG 12984 --- [restartedMain] .m.m.a.ExceptionHandlerExceptionResolver : ControllerAdvice beans: 1 @ExceptionHandler, 1 ResponseBodyAdvice
2023-12-09T13:19:02.358+03:00  INFO 12984 --- [restartedMain] o.s.b.d.a.OptionalLiveReloadServer       : LiveReload server is running on port 35729
2023-12-09T13:19:02.364+03:00  INFO 12984 --- [restartedMain] o.s.b.a.e.web.EndpointLinksResolver      : Exposing 16 endpoint(s) beneath base path '/actuator'
2023-12-09T13:19:02.456+03:00  INFO 12984 --- [restartedMain] o.s.b.w.embedded.tomcat.TomcatWebServer  : Tomcat started on port(s): 4444 (http) with context path ''
2023-12-09T13:19:02.472+03:00  INFO 12984 --- [restartedMain] c.h.f.FullStackDeveloper12Application    : Started FullStackDeveloper12Application in 7.446 seconds (process running for 8.473)
2023-12-09T13:19:02.478+03:00  INFO 12984 --- [restartedMain] c.h.f.runner.BlogCommandLineRunner2      : CommandLineRunner Çalıştı Sade
2023-12-09T13:19:03.135+03:00  INFO 12984 --- [restartedMain] c.h.f.runner.BlogCommandLineRunner       : CommandLineRunner Çalıştı
